0 info it worked if it ends with ok
1 verbose cli [ 'C:\\Program Files (x86)\\node.js\\node.exe',
1 verbose cli   'C:\\Program Files (x86)\\node.js\\node_modules\\npm\\bin\\npm-cli.js',
1 verbose cli   'run',
1 verbose cli   'dev' ]
2 info using npm@3.10.10
3 info using node@v7.3.0
4 verbose run-script [ 'predev', 'dev', 'postdev' ]
5 info lifecycle vue-cli@~predev: vue-cli@
6 silly lifecycle vue-cli@~predev: no script for predev, continuing
7 info lifecycle vue-cli@~dev: vue-cli@
8 verbose lifecycle vue-cli@~dev: unsafe-perm in lifecycle true
9 verbose lifecycle vue-cli@~dev: PATH: C:\Program Files (x86)\node.js\node_modules\npm\bin\node-gyp-bin;C:\Users\RobertoTomás\Documents\GitHub\Udemy-vuejs-2-the-complete-guide\Section 14\Mini-App\node_modules\.bin;C:\Program Files (x86)\Git\bin;C:\Program Files (x86)\Git\bin;C:\Program Files (x86)\Git\bin;C:\Program Files (x86)\Git\bin;C:\Program Files\Ruby22-x64\bin;C:\ProgramData\Oracle\Java\javapath;c:\program files (x86)\windows resource kits\tools\;c:\program files (x86)\microsoft file checksum integrity verifier;c:\program files (x86)\windows kits\8.1\windows performance toolkit\;c:\program files\microsoft sql server\110\tools\binn\;c:\program files (x86)\microsoft sdks\typescript\1.0\;c:\program files\microsoft sql server\120\tools\binn\;c:\program files (x86)\git\cmd;C:\Program Files (x86)\NVIDIA Corporation\PhysX\Common;C:\WINDOWS\system32;C:\WINDOWS;C:\WINDOWS\System32\Wbem;C:\WINDOWS\System32\WindowsPowerShell\v1.0\;C:\Program Files (x86)\Skype\Phone\;C:\Program Files (x86)\Windows Kits\10\Windows Performance Toolkit\;C:\Users\RobertoTomás\.dnx\bin;C:\Program Files\Microsoft DNX\Dnvm\;C:\Program Files\Microsoft SQL Server\130\Tools\Binn\;C:\Program Files\Git\cmd;C:\Program Files\Common Files\Autodesk Shared\;C:\Program Files (x86)\Autodesk\Backburner\;C:\Program Files (x86)\node.js\;C:\Ruby23-x64\bin;C:\Users\RobertoTomás\Anaconda3;C:\Users\RobertoTomás\Anaconda3\Scripts;C:\Users\RobertoTomás\Anaconda3\Library\bin;C:\Program Files\Ruby22-x64\bin\;C:\Program Files (x86)\Microsoft VS Code\bin;C:\Program Files\apache-maven-3.3.9\bin;C:\Users\RobertoTomás\AppData\Local\Microsoft\WindowsApps;C:\Users\RobertoTomás\AppData\Roaming\npm
10 verbose lifecycle vue-cli@~dev: CWD: C:\Users\RobertoTomás\Documents\GitHub\Udemy-vuejs-2-the-complete-guide\Section 14\Mini-App
11 silly lifecycle vue-cli@~dev: Args: [ '/d /s /c',
11 silly lifecycle   'cross-env NODE_ENV=development webpack-dev-server --open --inline --hot' ]
12 verbose stack Error: kill ENOSYS
12 verbose stack     at exports._errnoException (util.js:1022:11)
12 verbose stack     at process.kill (internal/process.js:173:13)
12 verbose stack     at process.listener (C:\Program Files (x86)\node.js\node_modules\npm\node_modules\npmlog\node_modules\gauge\node_modules\signal-exit\index.js:86:15)
12 verbose stack     at emitNone (events.js:91:20)
12 verbose stack     at process.emit (events.js:185:7)
12 verbose stack     at processEmit (C:\Program Files (x86)\node.js\node_modules\npm\node_modules\npmlog\node_modules\gauge\node_modules\signal-exit\index.js:146:32)
12 verbose stack     at processEmit (C:\Program Files (x86)\node.js\node_modules\npm\node_modules\npm-registry-client\node_modules\npmlog\node_modules\gauge\node_modules\signal-exit\index.js:146:32)
12 verbose stack     at Signal.wrap.onsignal (internal/process.js:200:44)
13 verbose cwd C:\Users\RobertoTomás\Documents\GitHub\Udemy-vuejs-2-the-complete-guide\Section 14\Mini-App
14 error Windows_NT 10.0.14393
15 error argv "C:\\Program Files (x86)\\node.js\\node.exe" "C:\\Program Files (x86)\\node.js\\node_modules\\npm\\bin\\npm-cli.js" "run" "dev"
16 error node v7.3.0
17 error npm  v3.10.10
18 error code ENOSYS
19 error errno ENOSYS
20 error syscall kill
21 error kill ENOSYS
22 error If you need help, you may report this error at:
22 error     <https://github.com/npm/npm/issues>
23 verbose exit [ 1, true ]
